<?xml version="1.0" encoding="UTF-8"?>
<testng-results ignored="0" total="2" passed="2" failed="0" skipped="0">
  <reporter-output>
  </reporter-output>
  <suite started-at="2022-08-25T17:03:59 COT" name="Default suite" finished-at="2022-08-25T17:04:02 COT" duration-ms="2171">
    <groups>
    </groups>
    <test started-at="2022-08-25T17:03:59 COT" name="Default test" finished-at="2022-08-25T17:04:02 COT" duration-ms="2171">
      <class name="files.MultiPartTest">
        <test-method signature="DownloadTest()[pri:0, instance:files.MultiPartTest@4f209819]" started-at="2022-08-25T17:03:59 COT" name="DownloadTest" finished-at="2022-08-25T17:04:01 COT" duration-ms="1309" status="PASS">
          <reporter-output>
          </reporter-output>
        </test-method> <!-- DownloadTest -->
        <test-method signature="uploadTest()[pri:0, instance:files.MultiPartTest@4f209819]" started-at="2022-08-25T17:04:01 COT" name="uploadTest" finished-at="2022-08-25T17:04:02 COT" duration-ms="836" status="PASS">
          <reporter-output>
          </reporter-output>
        </test-method> <!-- uploadTest -->
      </class> <!-- files.MultiPartTest -->
    </test> <!-- Default test -->
  </suite> <!-- Default suite -->
</testng-results>
